<?xml version="1.0" encoding="utf-8"?>
<coverage line-rate="0.8508" branch-rate="0.8076000000000001" version="1.9" timestamp="1773944299" lines-covered="194" lines-valid="228" branches-covered="42" branches-valid="52">
  <sources>
    <source>C:\Proyectos\Trabajos con SIF\TénicoJunior\</source>
  </sources>
  <packages>
    <package name="TénicoJunior" line-rate="0.8508" branch-rate="0.8076000000000001" complexity="62">
      <classes>
        <class name="TecnicoJuniorProgram" filename="TecnicoJuniorProgram.cs" line-rate="0" branch-rate="0" complexity="2">
          <methods>
            <method name="Main" signature="()" line-rate="0" branch-rate="0" complexity="2">
              <lines>
                <line number="11" hits="0" branch="False" />
                <line number="12" hits="0" branch="False" />
                <line number="13" hits="0" branch="False" />
                <line number="16" hits="0" branch="True" condition-coverage="0% (0/2)">
                  <conditions>
                    <condition number="26" type="jump" coverage="0%" />
                  </conditions>
                </line>
                <line number="17" hits="0" branch="False" />
                <line number="18" hits="0" branch="False" />
                <line number="19" hits="0" branch="False" />
                <line number="21" hits="0" branch="False" />
                <line number="23" hits="0" branch="False" />
                <line number="24" hits="0" branch="False" />
                <line number="26" hits="0" branch="False" />
                <line number="27" hits="0" branch="False" />
                <line number="28" hits="0" branch="False" />
                <line number="34" hits="0" branch="False" />
                <line number="35" hits="0" branch="False" />
                <line number="36" hits="0" branch="False" />
                <line number="38" hits="0" branch="False" />
                <line number="41" hits="0" branch="False" />
              </lines>
            </method>
          </methods>
          <lines>
            <line number="11" hits="0" branch="False" />
            <line number="12" hits="0" branch="False" />
            <line number="13" hits="0" branch="False" />
            <line number="16" hits="0" branch="True" condition-coverage="0% (0/2)">
              <conditions>
                <condition number="26" type="jump" coverage="0%" />
              </conditions>
            </line>
            <line number="17" hits="0" branch="False" />
            <line number="18" hits="0" branch="False" />
            <line number="19" hits="0" branch="False" />
            <line number="21" hits="0" branch="False" />
            <line number="23" hits="0" branch="False" />
            <line number="24" hits="0" branch="False" />
            <line number="26" hits="0" branch="False" />
            <line number="27" hits="0" branch="False" />
            <line number="28" hits="0" branch="False" />
            <line number="34" hits="0" branch="False" />
            <line number="35" hits="0" branch="False" />
            <line number="36" hits="0" branch="False" />
            <line number="38" hits="0" branch="False" />
            <line number="41" hits="0" branch="False" />
          </lines>
        </class>
        <class name="TénicoJunior.FileProcessor" filename="FileProcessor.cs" line-rate="0.92" branch-rate="0.84" complexity="50">
          <methods>
            <method name="ProcessLines" signature="(System.Collections.Generic.List`1&lt;System.String&gt;)" line-rate="0.92" branch-rate="0.84" complexity="50">
              <lines>
                <line number="14" hits="16" branch="False" />
                <line number="15" hits="16" branch="False" />
                <line number="17" hits="16" branch="False" />
                <line number="18" hits="16" branch="False" />
                <line number="19" hits="16" branch="False" />
                <line number="20" hits="16" branch="False" />
                <line number="21" hits="16" branch="False" />
                <line number="22" hits="16" branch="False" />
                <line number="24" hits="16" branch="False" />
                <line number="25" hits="16" branch="False" />
                <line number="28" hits="16" branch="False" />
                <line number="30" hits="82" branch="True" condition-coverage="100% (2/2)">
                  <conditions>
                    <condition number="2013" type="jump" coverage="100%" />
                  </conditions>
                </line>
                <line number="31" hits="17" branch="False" />
                <line number="32" hits="17" branch="False" />
                <line number="33" hits="17" branch="False" />
                <line number="34" hits="17" branch="False" />
                <line number="35" hits="17" branch="False" />
                <line number="37" hits="17" branch="False" />
                <line number="42" hits="17" branch="True" condition-coverage="100% (4/4)">
                  <conditions>
                    <condition number="171" type="jump" coverage="100%" />
                    <condition number="188" type="jump" coverage="100%" />
                  </conditions>
                </line>
                <line number="43" hits="1" branch="False" />
                <line number="44" hits="1" branch="False" />
                <line number="45" hits="1" branch="False" />
                <line number="46" hits="1" branch="False" />
                <line number="47" hits="1" branch="False" />
                <line number="48" hits="16" branch="True" condition-coverage="50% (1/2)">
                  <conditions>
                    <condition number="284" type="jump" coverage="50%" />
                  </conditions>
                </line>
                <line number="49" hits="0" branch="False" />
                <line number="50" hits="0" branch="False" />
                <line number="51" hits="0" branch="False" />
                <line number="52" hits="0" branch="False" />
                <line number="54" hits="16" branch="False" />
                <line number="55" hits="16" branch="False" />
                <line number="56" hits="16" branch="False" />
                <line number="58" hits="16" branch="False" />
                <line number="61" hits="17" branch="True" condition-coverage="100% (4/4)">
                  <conditions>
                    <condition number="431" type="jump" coverage="100%" />
                    <condition number="448" type="jump" coverage="100%" />
                  </conditions>
                </line>
                <line number="62" hits="1" branch="False" />
                <line number="63" hits="1" branch="False" />
                <line number="64" hits="1" branch="False" />
                <line number="65" hits="1" branch="False" />
                <line number="66" hits="1" branch="False" />
                <line number="67" hits="16" branch="True" condition-coverage="100% (2/2)">
                  <conditions>
                    <condition number="570" type="jump" coverage="100%" />
                  </conditions>
                </line>
                <line number="68" hits="1" branch="False" />
                <line number="69" hits="1" branch="False" />
                <line number="70" hits="1" branch="False" />
                <line number="71" hits="1" branch="False" />
                <line number="73" hits="15" branch="False" />
                <line number="74" hits="15" branch="False" />
                <line number="75" hits="15" branch="False" />
                <line number="76" hits="15" branch="False" />
                <line number="79" hits="17" branch="False" />
                <line number="81" hits="17" branch="True" condition-coverage="100% (2/2)">
                  <conditions>
                    <condition number="723" type="jump" coverage="100%" />
                  </conditions>
                </line>
                <line number="82" hits="1" branch="False" />
                <line number="83" hits="1" branch="False" />
                <line number="84" hits="1" branch="False" />
                <line number="85" hits="1" branch="False" />
                <line number="86" hits="1" branch="False" />
                <line number="88" hits="16" branch="False" />
                <line number="89" hits="16" branch="False" />
                <line number="90" hits="16" branch="False" />
                <line number="93" hits="17" branch="False" />
                <line number="95" hits="17" branch="True" condition-coverage="100% (4/4)">
                  <conditions>
                    <condition number="857" type="jump" coverage="100%" />
                    <condition number="878" type="jump" coverage="100%" />
                  </conditions>
                </line>
                <line number="96" hits="1" branch="False" />
                <line number="97" hits="1" branch="False" />
                <line number="98" hits="1" branch="False" />
                <line number="99" hits="1" branch="False" />
                <line number="100" hits="1" branch="False" />
                <line number="101" hits="1" branch="False" />
                <line number="103" hits="16" branch="False" />
                <line number="104" hits="16" branch="False" />
                <line number="105" hits="16" branch="False" />
                <line number="108" hits="17" branch="False" />
                <line number="110" hits="17" branch="True" condition-coverage="100% (2/2)">
                  <conditions>
                    <condition number="1026" type="jump" coverage="100%" />
                  </conditions>
                </line>
                <line number="111" hits="1" branch="False" />
                <line number="112" hits="1" branch="False" />
                <line number="113" hits="1" branch="False" />
                <line number="114" hits="1" branch="False" />
                <line number="115" hits="1" branch="False" />
                <line number="116" hits="1" branch="False" />
                <line number="117" hits="16" branch="True" condition-coverage="75% (3/4)">
                  <conditions>
                    <condition number="1158" type="jump" coverage="50%" />
                    <condition number="1179" type="jump" coverage="100%" />
                  </conditions>
                </line>
                <line number="118" hits="1" branch="False" />
                <line number="119" hits="1" branch="False" />
                <line number="120" hits="1" branch="False" />
                <line number="121" hits="1" branch="False" />
                <line number="122" hits="1" branch="False" />
                <line number="124" hits="1" branch="False" />
                <line number="126" hits="15" branch="False" />
                <line number="127" hits="15" branch="True" condition-coverage="50% (2/4)">
                  <conditions>
                    <condition number="1298" type="jump" coverage="50%" />
                    <condition number="1324" type="jump" coverage="50%" />
                  </conditions>
                </line>
                <line number="128" hits="0" branch="False" />
                <line number="129" hits="0" branch="False" />
                <line number="130" hits="0" branch="False" />
                <line number="131" hits="0" branch="False" />
                <line number="132" hits="0" branch="False" />
                <line number="133" hits="0" branch="False" />
                <line number="134" hits="0" branch="False" />
                <line number="135" hits="15" branch="False" />
                <line number="136" hits="15" branch="False" />
                <line number="140" hits="17" branch="False" />
                <line number="141" hits="17" branch="False" />
                <line number="143" hits="17" branch="True" condition-coverage="75% (3/4)">
                  <conditions>
                    <condition number="1484" type="jump" coverage="50%" />
                    <condition number="1498" type="jump" coverage="100%" />
                  </conditions>
                </line>
                <line number="144" hits="1" branch="False" />
                <line number="145" hits="1" branch="False" />
                <line number="146" hits="1" branch="False" />
                <line number="147" hits="1" branch="False" />
                <line number="148" hits="1" branch="False" />
                <line number="149" hits="16" branch="True" condition-coverage="50% (2/4)">
                  <conditions>
                    <condition number="1628" type="jump" coverage="50%" />
                    <condition number="1642" type="jump" coverage="50%" />
                  </conditions>
                </line>
                <line number="150" hits="0" branch="False" />
                <line number="151" hits="0" branch="False" />
                <line number="152" hits="0" branch="False" />
                <line number="153" hits="0" branch="False" />
                <line number="154" hits="0" branch="False" />
                <line number="156" hits="16" branch="False" />
                <line number="157" hits="16" branch="False" />
                <line number="158" hits="16" branch="False" />
                <line number="160" hits="17" branch="False" />
                <line number="161" hits="17" branch="True" condition-coverage="50% (1/2)">
                  <conditions>
                    <condition number="1783" type="jump" coverage="50%" />
                  </conditions>
                </line>
                <line number="164" hits="17" branch="False" />
                <line number="165" hits="17" branch="False" />
                <line number="166" hits="17" branch="False" />
                <line number="167" hits="17" branch="False" />
                <line number="168" hits="17" branch="False" />
                <line number="169" hits="17" branch="False" />
                <line number="170" hits="17" branch="False" />
                <line number="172" hits="17" branch="True" condition-coverage="100% (2/2)">
                  <conditions>
                    <condition number="1824" type="jump" coverage="100%" />
                  </conditions>
                </line>
                <line number="173" hits="1" branch="False" />
                <line number="174" hits="1" branch="False" />
                <line number="175" hits="1" branch="False" />
                <line number="176" hits="1" branch="False" />
                <line number="177" hits="1" branch="False" />
                <line number="179" hits="16" branch="False" />
                <line number="180" hits="16" branch="False" />
                <line number="181" hits="16" branch="False" />
                <line number="182" hits="17" branch="True" condition-coverage="100% (2/2)">
                  <conditions>
                    <condition number="1948" type="jump" coverage="100%" />
                  </conditions>
                </line>
                <line number="183" hits="8" branch="False" />
                <line number="184" hits="8" branch="False" />
                <line number="185" hits="8" branch="False" />
                <line number="186" hits="17" branch="False" />
                <line number="188" hits="17" branch="True" condition-coverage="100% (2/2)">
                  <conditions>
                    <condition number="1992" type="jump" coverage="100%" />
                  </conditions>
                </line>
                <line number="189" hits="17" branch="False" />
                <line number="190" hits="17" branch="False" />
                <line number="191" hits="17" branch="False" />
                <line number="192" hits="17" branch="False" />
                <line number="193" hits="17" branch="False" />
                <line number="196" hits="16" branch="False" />
                <line number="198" hits="16" branch="False" />
                <line number="204" hits="16" branch="False" />
                <line number="205" hits="16" branch="False" />
                <line number="207" hits="16" branch="False" />
                <line number="208" hits="8" branch="False" />
                <line number="209" hits="8" branch="False" />
                <line number="210" hits="8" branch="False" />
                <line number="211" hits="8" branch="False" />
                <line number="212" hits="8" branch="False" />
                <line number="213" hits="8" branch="False" />
                <line number="214" hits="8" branch="False" />
                <line number="215" hits="8" branch="False" />
                <line number="216" hits="16" branch="False" />
                <line number="217" hits="64" branch="True" condition-coverage="100% (2/2)">
                  <conditions>
                    <condition number="2333" type="jump" coverage="100%" />
                  </conditions>
                </line>
                <line number="218" hits="8" branch="False" />
                <line number="219" hits="8" branch="False" />
                <line number="220" hits="8" branch="False" />
                <line number="222" hits="16" branch="False" />
                <line number="223" hits="17" branch="False" />
                <line number="224" hits="17" branch="False" />
                <line number="225" hits="16" branch="False" />
                <line number="226" hits="16" branch="False" />
                <line number="227" hits="16" branch="False" />
                <line number="228" hits="17" branch="False" />
                <line number="229" hits="16" branch="False" />
                <line number="230" hits="16" branch="False" />
                <line number="231" hits="16" branch="False" />
                <line number="232" hits="80" branch="True" condition-coverage="100% (2/2)">
                  <conditions>
                    <condition number="2618" type="jump" coverage="100%" />
                  </conditions>
                </line>
                <line number="233" hits="16" branch="False" />
                <line number="234" hits="16" branch="False" />
                <line number="235" hits="16" branch="False" />
                <line number="244" hits="16" branch="False" />
                <line number="245" hits="16" branch="False" />
                <line number="246" hits="16" branch="False" />
                <line number="247" hits="16" branch="False" />
                <line number="248" hits="16" branch="False" />
                <line number="249" hits="16" branch="False" />
                <line number="250" hits="16" branch="False" />
                <line number="251" hits="16" branch="False" />
                <line number="253" hits="16" branch="False" />
                <line number="254" hits="16" branch="False" />
                <line number="255" hits="16" branch="False" />
                <line number="256" hits="16" branch="False" />
                <line number="258" hits="16" branch="False" />
                <line number="259" hits="16" branch="False" />
                <line number="260" hits="16" branch="False" />
                <line number="261" hits="4" branch="False" />
                <line number="262" hits="12" branch="False" />
                <line number="263" hits="12" branch="False" />
                <line number="264" hits="12" branch="False" />
                <line number="265" hits="12" branch="False" />
                <line number="266" hits="16" branch="False" />
                <line number="267" hits="16" branch="False" />
                <line number="268" hits="16" branch="False" />
                <line number="269" hits="16" branch="False" />
                <line number="270" hits="16" branch="False" />
                <line number="271" hits="16" branch="False" />
                <line number="272" hits="16" branch="False" />
              </lines>
            </method>
          </methods>
          <lines>
            <line number="14" hits="16" branch="False" />
            <line number="15" hits="16" branch="False" />
            <line number="17" hits="16" branch="False" />
            <line number="18" hits="16" branch="False" />
            <line number="19" hits="16" branch="False" />
            <line number="20" hits="16" branch="False" />
            <line number="21" hits="16" branch="False" />
            <line number="22" hits="16" branch="False" />
            <line number="24" hits="16" branch="False" />
            <line number="25" hits="16" branch="False" />
            <line number="28" hits="16" branch="False" />
            <line number="30" hits="82" branch="True" condition-coverage="100% (2/2)">
              <conditions>
                <condition number="2013" type="jump" coverage="100%" />
              </conditions>
            </line>
            <line number="31" hits="17" branch="False" />
            <line number="32" hits="17" branch="False" />
            <line number="33" hits="17" branch="False" />
            <line number="34" hits="17" branch="False" />
            <line number="35" hits="17" branch="False" />
            <line number="37" hits="17" branch="False" />
            <line number="42" hits="17" branch="True" condition-coverage="100% (4/4)">
              <conditions>
                <condition number="171" type="jump" coverage="100%" />
                <condition number="188" type="jump" coverage="100%" />
              </conditions>
            </line>
            <line number="43" hits="1" branch="False" />
            <line number="44" hits="1" branch="False" />
            <line number="45" hits="1" branch="False" />
            <line number="46" hits="1" branch="False" />
            <line number="47" hits="1" branch="False" />
            <line number="48" hits="16" branch="True" condition-coverage="50% (1/2)">
              <conditions>
                <condition number="284" type="jump" coverage="50%" />
              </conditions>
            </line>
            <line number="49" hits="0" branch="False" />
            <line number="50" hits="0" branch="False" />
            <line number="51" hits="0" branch="False" />
            <line number="52" hits="0" branch="False" />
            <line number="54" hits="16" branch="False" />
            <line number="55" hits="16" branch="False" />
            <line number="56" hits="16" branch="False" />
            <line number="58" hits="16" branch="False" />
            <line number="61" hits="17" branch="True" condition-coverage="100% (4/4)">
              <conditions>
                <condition number="431" type="jump" coverage="100%" />
                <condition number="448" type="jump" coverage="100%" />
              </conditions>
            </line>
            <line number="62" hits="1" branch="False" />
            <line number="63" hits="1" branch="False" />
            <line number="64" hits="1" branch="False" />
            <line number="65" hits="1" branch="False" />
            <line number="66" hits="1" branch="False" />
            <line number="67" hits="16" branch="True" condition-coverage="100% (2/2)">
              <conditions>
                <condition number="570" type="jump" coverage="100%" />
              </conditions>
            </line>
            <line number="68" hits="1" branch="False" />
            <line number="69" hits="1" branch="False" />
            <line number="70" hits="1" branch="False" />
            <line number="71" hits="1" branch="False" />
            <line number="73" hits="15" branch="False" />
            <line number="74" hits="15" branch="False" />
            <line number="75" hits="15" branch="False" />
            <line number="76" hits="15" branch="False" />
            <line number="79" hits="17" branch="False" />
            <line number="81" hits="17" branch="True" condition-coverage="100% (2/2)">
              <conditions>
                <condition number="723" type="jump" coverage="100%" />
              </conditions>
            </line>
            <line number="82" hits="1" branch="False" />
            <line number="83" hits="1" branch="False" />
            <line number="84" hits="1" branch="False" />
            <line number="85" hits="1" branch="False" />
            <line number="86" hits="1" branch="False" />
            <line number="88" hits="16" branch="False" />
            <line number="89" hits="16" branch="False" />
            <line number="90" hits="16" branch="False" />
            <line number="93" hits="17" branch="False" />
            <line number="95" hits="17" branch="True" condition-coverage="100% (4/4)">
              <conditions>
                <condition number="857" type="jump" coverage="100%" />
                <condition number="878" type="jump" coverage="100%" />
              </conditions>
            </line>
            <line number="96" hits="1" branch="False" />
            <line number="97" hits="1" branch="False" />
            <line number="98" hits="1" branch="False" />
            <line number="99" hits="1" branch="False" />
            <line number="100" hits="1" branch="False" />
            <line number="101" hits="1" branch="False" />
            <line number="103" hits="16" branch="False" />
            <line number="104" hits="16" branch="False" />
            <line number="105" hits="16" branch="False" />
            <line number="108" hits="17" branch="False" />
            <line number="110" hits="17" branch="True" condition-coverage="100% (2/2)">
              <conditions>
                <condition number="1026" type="jump" coverage="100%" />
              </conditions>
            </line>
            <line number="111" hits="1" branch="False" />
            <line number="112" hits="1" branch="False" />
            <line number="113" hits="1" branch="False" />
            <line number="114" hits="1" branch="False" />
            <line number="115" hits="1" branch="False" />
            <line number="116" hits="1" branch="False" />
            <line number="117" hits="16" branch="True" condition-coverage="75% (3/4)">
              <conditions>
                <condition number="1158" type="jump" coverage="50%" />
                <condition number="1179" type="jump" coverage="100%" />
              </conditions>
            </line>
            <line number="118" hits="1" branch="False" />
            <line number="119" hits="1" branch="False" />
            <line number="120" hits="1" branch="False" />
            <line number="121" hits="1" branch="False" />
            <line number="122" hits="1" branch="False" />
            <line number="124" hits="1" branch="False" />
            <line number="126" hits="15" branch="False" />
            <line number="127" hits="15" branch="True" condition-coverage="50% (2/4)">
              <conditions>
                <condition number="1298" type="jump" coverage="50%" />
                <condition number="1324" type="jump" coverage="50%" />
              </conditions>
            </line>
            <line number="128" hits="0" branch="False" />
            <line number="129" hits="0" branch="False" />
            <line number="130" hits="0" branch="False" />
            <line number="131" hits="0" branch="False" />
            <line number="132" hits="0" branch="False" />
            <line number="133" hits="0" branch="False" />
            <line number="134" hits="0" branch="False" />
            <line number="135" hits="15" branch="False" />
            <line number="136" hits="15" branch="False" />
            <line number="140" hits="17" branch="False" />
            <line number="141" hits="17" branch="False" />
            <line number="143" hits="17" branch="True" condition-coverage="75% (3/4)">
              <conditions>
                <condition number="1484" type="jump" coverage="50%" />
                <condition number="1498" type="jump" coverage="100%" />
              </conditions>
            </line>
            <line number="144" hits="1" branch="False" />
            <line number="145" hits="1" branch="False" />
            <line number="146" hits="1" branch="False" />
            <line number="147" hits="1" branch="False" />
            <line number="148" hits="1" branch="False" />
            <line number="149" hits="16" branch="True" condition-coverage="50% (2/4)">
              <conditions>
                <condition number="1628" type="jump" coverage="50%" />
                <condition number="1642" type="jump" coverage="50%" />
              </conditions>
            </line>
            <line number="150" hits="0" branch="False" />
            <line number="151" hits="0" branch="False" />
            <line number="152" hits="0" branch="False" />
            <line number="153" hits="0" branch="False" />
            <line number="154" hits="0" branch="False" />
            <line number="156" hits="16" branch="False" />
            <line number="157" hits="16" branch="False" />
            <line number="158" hits="16" branch="False" />
            <line number="160" hits="17" branch="False" />
            <line number="161" hits="17" branch="True" condition-coverage="50% (1/2)">
              <conditions>
                <condition number="1783" type="jump" coverage="50%" />
              </conditions>
            </line>
            <line number="164" hits="17" branch="False" />
            <line number="165" hits="17" branch="False" />
            <line number="166" hits="17" branch="False" />
            <line number="167" hits="17" branch="False" />
            <line number="168" hits="17" branch="False" />
            <line number="169" hits="17" branch="False" />
            <line number="170" hits="17" branch="False" />
            <line number="172" hits="17" branch="True" condition-coverage="100% (2/2)">
              <conditions>
                <condition number="1824" type="jump" coverage="100%" />
              </conditions>
            </line>
            <line number="173" hits="1" branch="False" />
            <line number="174" hits="1" branch="False" />
            <line number="175" hits="1" branch="False" />
            <line number="176" hits="1" branch="False" />
            <line number="177" hits="1" branch="False" />
            <line number="179" hits="16" branch="False" />
            <line number="180" hits="16" branch="False" />
            <line number="181" hits="16" branch="False" />
            <line number="182" hits="17" branch="True" condition-coverage="100% (2/2)">
              <conditions>
                <condition number="1948" type="jump" coverage="100%" />
              </conditions>
            </line>
            <line number="183" hits="8" branch="False" />
            <line number="184" hits="8" branch="False" />
            <line number="185" hits="8" branch="False" />
            <line number="186" hits="17" branch="False" />
            <line number="188" hits="17" branch="True" condition-coverage="100% (2/2)">
              <conditions>
                <condition number="1992" type="jump" coverage="100%" />
              </conditions>
            </line>
            <line number="189" hits="17" branch="False" />
            <line number="190" hits="17" branch="False" />
            <line number="191" hits="17" branch="False" />
            <line number="192" hits="17" branch="False" />
            <line number="193" hits="17" branch="False" />
            <line number="196" hits="16" branch="False" />
            <line number="198" hits="16" branch="False" />
            <line number="204" hits="16" branch="False" />
            <line number="205" hits="16" branch="False" />
            <line number="207" hits="16" branch="False" />
            <line number="208" hits="8" branch="False" />
            <line number="209" hits="8" branch="False" />
            <line number="210" hits="8" branch="False" />
            <line number="211" hits="8" branch="False" />
            <line number="212" hits="8" branch="False" />
            <line number="213" hits="8" branch="False" />
            <line number="214" hits="8" branch="False" />
            <line number="215" hits="8" branch="False" />
            <line number="216" hits="16" branch="False" />
            <line number="217" hits="64" branch="True" condition-coverage="100% (2/2)">
              <conditions>
                <condition number="2333" type="jump" coverage="100%" />
              </conditions>
            </line>
            <line number="218" hits="8" branch="False" />
            <line number="219" hits="8" branch="False" />
            <line number="220" hits="8" branch="False" />
            <line number="222" hits="16" branch="False" />
            <line number="223" hits="17" branch="False" />
            <line number="224" hits="17" branch="False" />
            <line number="225" hits="16" branch="False" />
            <line number="226" hits="16" branch="False" />
            <line number="227" hits="16" branch="False" />
            <line number="228" hits="17" branch="False" />
            <line number="229" hits="16" branch="False" />
            <line number="230" hits="16" branch="False" />
            <line number="231" hits="16" branch="False" />
            <line number="232" hits="80" branch="True" condition-coverage="100% (2/2)">
              <conditions>
                <condition number="2618" type="jump" coverage="100%" />
              </conditions>
            </line>
            <line number="233" hits="16" branch="False" />
            <line number="234" hits="16" branch="False" />
            <line number="235" hits="16" branch="False" />
            <line number="244" hits="16" branch="False" />
            <line number="245" hits="16" branch="False" />
            <line number="246" hits="16" branch="False" />
            <line number="247" hits="16" branch="False" />
            <line number="248" hits="16" branch="False" />
            <line number="249" hits="16" branch="False" />
            <line number="250" hits="16" branch="False" />
            <line number="251" hits="16" branch="False" />
            <line number="253" hits="16" branch="False" />
            <line number="254" hits="16" branch="False" />
            <line number="255" hits="16" branch="False" />
            <line number="256" hits="16" branch="False" />
            <line number="258" hits="16" branch="False" />
            <line number="259" hits="16" branch="False" />
            <line number="260" hits="16" branch="False" />
            <line number="261" hits="4" branch="False" />
            <line number="262" hits="12" branch="False" />
            <line number="263" hits="12" branch="False" />
            <line number="264" hits="12" branch="False" />
            <line number="265" hits="12" branch="False" />
            <line number="266" hits="16" branch="False" />
            <line number="267" hits="16" branch="False" />
            <line number="268" hits="16" branch="False" />
            <line number="269" hits="16" branch="False" />
            <line number="270" hits="16" branch="False" />
            <line number="271" hits="16" branch="False" />
            <line number="272" hits="16" branch="False" />
          </lines>
        </class>
        <class name="TénicoJunior.ProcessingResult" filename="ProcessingResult.cs" line-rate="1" branch-rate="1" complexity="3">
          <methods>
            <method name="get_Registros" signature="()" line-rate="1" branch-rate="1" complexity="1">
              <lines>
                <line number="11" hits="39" branch="False" />
              </lines>
            </method>
            <method name="get_RegistrosAceptados" signature="()" line-rate="1" branch-rate="1" complexity="1">
              <lines>
                <line number="12" hits="48" branch="False" />
              </lines>
            </method>
            <method name="get_Errores" signature="()" line-rate="1" branch-rate="1" complexity="1">
              <lines>
                <line number="13" hits="57" branch="False" />
              </lines>
            </method>
          </methods>
          <lines>
            <line number="11" hits="39" branch="False" />
            <line number="12" hits="48" branch="False" />
            <line number="13" hits="57" branch="False" />
          </lines>
        </class>
        <class name="TénicoJunior.RegisterDatos" filename="RegisterDatos.cs" line-rate="1" branch-rate="1" complexity="7">
          <methods>
            <method name="get_Id" signature="()" line-rate="1" branch-rate="1" complexity="1">
              <lines>
                <line number="11" hits="16" branch="False" />
              </lines>
            </method>
            <method name="get_Sequence" signature="()" line-rate="1" branch-rate="1" complexity="1">
              <lines>
                <line number="12" hits="15" branch="False" />
              </lines>
            </method>
            <method name="get_ServiceName" signature="()" line-rate="1" branch-rate="1" complexity="1">
              <lines>
                <line number="13" hits="16" branch="False" />
              </lines>
            </method>
            <method name="get_ServiceState" signature="()" line-rate="1" branch-rate="1" complexity="1">
              <lines>
                <line number="14" hits="59" branch="False" />
              </lines>
            </method>
            <method name="get_CashValue" signature="()" line-rate="1" branch-rate="1" complexity="1">
              <lines>
                <line number="15" hits="42" branch="False" />
              </lines>
            </method>
            <method name="get_TellerId" signature="()" line-rate="1" branch-rate="1" complexity="1">
              <lines>
                <line number="16" hits="33" branch="False" />
              </lines>
            </method>
            <method name="get_DateSettlement" signature="()" line-rate="1" branch-rate="1" complexity="1">
              <lines>
                <line number="17" hits="24" branch="False" />
              </lines>
            </method>
          </methods>
          <lines>
            <line number="11" hits="16" branch="False" />
            <line number="12" hits="15" branch="False" />
            <line number="13" hits="16" branch="False" />
            <line number="14" hits="59" branch="False" />
            <line number="15" hits="42" branch="False" />
            <line number="16" hits="33" branch="False" />
            <line number="17" hits="24" branch="False" />
          </lines>
        </class>
      </classes>
    </package>
  </packages>
</coverage>